[22:09:38] [modloading-worker-0/INFO] ========================================
[22:09:38] [modloading-worker-0/INFO] Minecraft: 1.19.2
[22:09:38] [modloading-worker-0/INFO] Side: server
[22:09:38] [modloading-worker-0/INFO] Development: false
[22:09:38] [modloading-worker-0/INFO] Version: 9.2.784
[22:09:38] [modloading-worker-0/INFO] Loader:
[22:09:38] [modloading-worker-0/INFO] - Forge: 43.4.5
[22:09:38] [modloading-worker-0/INFO] Dependencies:
[22:09:38] [modloading-worker-0/INFO] - Cloth Config: 8.3.134
[22:09:38] [modloading-worker-0/INFO] - Architectury: 6.6.92
[22:09:38] [modloading-worker-0/INFO] Mixin: 0.8.5
[22:09:38] [modloading-worker-0/INFO] OS: Linux 6.11.8-zen1-2-zen (amd64)
[22:09:38] [modloading-worker-0/INFO] Java: 23 (Arch Linux)
[22:09:38] [modloading-worker-0/INFO] ========================================
[22:09:38] [modloading-worker-0/INFO] Mods:
[22:09:38] [modloading-worker-0/INFO] - advancednetherite: 1.14.7
[22:09:38] [modloading-worker-0/INFO] - amplified_nether: 0.0NONE
[22:09:38] [modloading-worker-0/INFO] - architectury: 6.6.92
[22:09:38] [modloading-worker-0/INFO] - balm: 4.6.0
[22:09:38] [modloading-worker-0/INFO] - better_totem_of_undying: 1.19.2-1.1.0
[22:09:38] [modloading-worker-0/INFO] - betterfortresses: 1.19.2-Forge-1.0.6
[22:09:38] [modloading-worker-0/INFO] - charmofundying: 6.2.1+1.19.2
[22:09:38] [modloading-worker-0/INFO] - cloth_config: 8.3.134
[22:09:38] [modloading-worker-0/INFO] - collective: 7.64
[22:09:38] [modloading-worker-0/INFO] - curios: 1.19.2-5.1.6.4
[22:09:38] [modloading-worker-0/INFO] - dynamiclights: 1.19.2.2
[22:09:38] [modloading-worker-0/INFO] - easyanvils: 4.0.11
[22:09:38] [modloading-worker-0/INFO] - easymagic: 4.3.3
[22:09:38] [modloading-worker-0/INFO] - explorify: 1.6.2
[22:09:38] [modloading-worker-0/INFO] - forge: 43.4.5
[22:09:38] [modloading-worker-0/INFO] - framework: 0.7.12
[22:09:38] [modloading-worker-0/INFO] - geophilic: 1.19-2.0.0c
[22:09:38] [modloading-worker-0/INFO] - goodending: 1.19.2-1.0.2
[22:09:38] [modloading-worker-0/INFO] - hopour: 1.1.1
[22:09:38] [modloading-worker-0/INFO] - incendium: 5.1.6
[22:09:38] [modloading-worker-0/INFO] - inventoryhud: 3.4.26
[22:09:38] [modloading-worker-0/INFO] - jade: 8.9.2
[22:09:38] [modloading-worker-0/INFO] - journeymap: 5.9.8
[22:09:38] [modloading-worker-0/INFO] - minecraft: 1.19.2
[22:09:38] [modloading-worker-0/INFO] - mns: 1.0.1-1.19.2-forge
[22:09:38] [modloading-worker-0/INFO] - mr_serversleep: 1-datapack
[22:09:38] [modloading-worker-0/INFO] - mvs: 4.1.4-1.19.2-forge
[22:09:38] [modloading-worker-0/INFO] - nullscape: 1.2.2
[22:09:38] [modloading-worker-0/INFO] - puzzleslib: 4.4.3
[22:09:38] [modloading-worker-0/INFO] - roughlyenoughitems: 9.2.784
[22:09:38] [modloading-worker-0/INFO] - securitycraft: 1.9.6.1
[22:09:38] [modloading-worker-0/INFO] - sound_physics_remastered: 1.19.2-1.4.5
[22:09:38] [modloading-worker-0/INFO] - stackrefill: 4.4
[22:09:38] [modloading-worker-0/INFO] - tlskincape: 1.30
[22:09:38] [modloading-worker-0/INFO] - tombstone: 8.3.6
[22:09:38] [modloading-worker-0/INFO] - toughasnails: 0.0NONE
[22:09:38] [modloading-worker-0/INFO] - travelersbackpack: 8.2.41
[22:09:38] [modloading-worker-0/INFO] - voicechat: 1.19.2-2.5.26
[22:09:38] [modloading-worker-0/INFO] - waystones: 11.4.2
[22:09:38] [modloading-worker-0/INFO] - yungsapi: 1.19.2-Forge-3.8.10
[22:09:38] [modloading-worker-0/INFO] ========================================
[22:09:38] [modloading-worker-0/INFO] [REI] Registered plugin provider ReiCompat [travelersbackpack] for REIPlugin
[22:09:39] [modloading-worker-0/INFO] [REI] Registered plugin provider DefaultPluginImpl [roughlyenoughitems] for REIServerPlugin
[22:09:39] [modloading-worker-0/INFO] [REI] Registered plugin provider DefaultPluginImpl [roughlyenoughitems] for REIPlugin
[22:09:39] [modloading-worker-0/INFO] [REI] Registered plugin provider DefaultRuntimePlugin [roughlyenoughitems] for REIServerPlugin
[22:09:39] [modloading-worker-0/INFO] [REI] Registered plugin provider DefaultRuntimePlugin [roughlyenoughitems] for REIPlugin
[22:09:39] [modloading-worker-0/INFO] [REI] Registered plugin provider ReiCompat [travelersbackpack] for REIServerPlugin
[22:09:47] [Worker-Main-1/DEBUG] [REI] Processed 0 tags in 41.73 μs for minecraft:worldgen/structure_set
[22:09:47] [Worker-Main-2/DEBUG] [REI] Processed 0 tags in 8.140 μs for minecraft:worldgen/world_preset
[22:09:47] [Worker-Main-1/DEBUG] [REI] Processed 0 tags in 128.6 μs for minecraft:worldgen/flat_level_generator_preset
[22:09:47] [Worker-Main-1/DEBUG] [REI] Processed 5 tags in 3.142 ms for minecraft:game_event
[22:09:47] [Worker-Main-1/DEBUG] [REI] Processed 3 tags in 34.17 μs for minecraft:fluid
[22:09:47] [Worker-Main-3/DEBUG] [REI] Processed 0 tags in 10.09 μs for minecraft:worldgen/structure
[22:09:47] [Worker-Main-3/DEBUG] [REI] Processed 26 tags in 199.6 μs for minecraft:entity_type
[22:09:47] [Worker-Main-2/DEBUG] [REI] Processed 0 tags in 58.71 μs for minecraft:worldgen/biome
[22:09:47] [Worker-Main-2/DEBUG] [REI] Processed 1 tags in 38.00 μs for minecraft:painting_variant
[22:09:47] [Worker-Main-2/DEBUG] [REI] Processed 3 tags in 62.53 μs for minecraft:point_of_interest_type
[22:09:47] [Worker-Main-2/DEBUG] [REI] Processed 2 tags in 24.41 μs for minecraft:cat_variant
[22:09:47] [Worker-Main-2/DEBUG] [REI] Processed 7 tags in 43.38 μs for minecraft:banner_pattern
[22:09:47] [Worker-Main-2/DEBUG] [REI] Processed 3 tags in 24.23 μs for minecraft:instrument
[22:09:47] [Worker-Main-3/DEBUG] [REI] Processed 510 tags in 2.401 ms for minecraft:item
[22:09:47] [Worker-Main-1/DEBUG] [REI] Processed 352 tags in 4.922 ms for minecraft:block
[22:09:48] [main/DEBUG] [REI] Starting Reload Plugins of stage null
java.lang.Throwable
	at TRANSFORMER/roughlyenoughitems@9.2.784/me.shedaniel.rei.impl.common.plugins.ReloadManagerImpl.reloadPlugins(ReloadManagerImpl.java:110)
	at TRANSFORMER/roughlyenoughitems@9.2.784/me.shedaniel.rei.RoughlyEnoughItemsCore.lambda$onInitialize$4(RoughlyEnoughItemsCore.java:159)
	at java.base/java.util.concurrent.CompletableFuture$UniRun.tryFire(CompletableFuture.java:831)
	at java.base/java.util.concurrent.CompletableFuture$Completion.run(CompletableFuture.java:526)
	at TRANSFORMER/minecraft@1.19.2/net.minecraft.server.packs.resources.SimpleReloadInstance.m_143940_(SimpleReloadInstance.java:69)
	at TRANSFORMER/minecraft@1.19.2/net.minecraft.Util.m_214652_(Util.java:781)
	at TRANSFORMER/minecraft@1.19.2/net.minecraft.Util.m_214679_(Util.java:770)
	at TRANSFORMER/minecraft@1.19.2/net.minecraft.server.Main.main(Main.java:157)
	at java.base/jdk.internal.reflect.DirectMethodHandleAccessor.invoke(DirectMethodHandleAccessor.java:103)
	at java.base/java.lang.reflect.Method.invoke(Method.java:580)
	at MC-BOOTSTRAP/fmlloader@1.19.2-43.4.5/net.minecraftforge.fml.loading.targets.CommonServerLaunchHandler.lambda$launchService$0(CommonServerLaunchHandler.java:29)
	at MC-BOOTSTRAP/cpw.mods.modlauncher@10.0.8/cpw.mods.modlauncher.LaunchServiceHandlerDecorator.launch(LaunchServiceHandlerDecorator.java:30)
	at MC-BOOTSTRAP/cpw.mods.modlauncher@10.0.8/cpw.mods.modlauncher.LaunchServiceHandler.launch(LaunchServiceHandler.java:53)
	at MC-BOOTSTRAP/cpw.mods.modlauncher@10.0.8/cpw.mods.modlauncher.LaunchServiceHandler.launch(LaunchServiceHandler.java:71)
	at MC-BOOTSTRAP/cpw.mods.modlauncher@10.0.8/cpw.mods.modlauncher.Launcher.run(Launcher.java:106)
	at MC-BOOTSTRAP/cpw.mods.modlauncher@10.0.8/cpw.mods.modlauncher.Launcher.main(Launcher.java:77)
	at MC-BOOTSTRAP/cpw.mods.modlauncher@10.0.8/cpw.mods.modlauncher.BootstrapLaunchConsumer.accept(BootstrapLaunchConsumer.java:26)
	at MC-BOOTSTRAP/cpw.mods.modlauncher@10.0.8/cpw.mods.modlauncher.BootstrapLaunchConsumer.accept(BootstrapLaunchConsumer.java:23)
	at cpw.mods.bootstraplauncher@1.1.2/cpw.mods.bootstraplauncher.BootstrapLauncher.main(BootstrapLauncher.java:141)
[22:09:48] [main/DEBUG] [REI] ========================================
[22:09:48] [main/DEBUG] [REI] REIPlugin starting pre-reload for START.
[22:09:48] [main/DEBUG] [REI] Reloadables (7):
[22:09:48] [main/DEBUG] [REI]  - EntryTypeRegistryImpl
[22:09:48] [main/DEBUG] [REI]  - EntrySettingsAdapterRegistryImpl
[22:09:49] [main/DEBUG] [REI]  - RecipeManagerContextImpl
[22:09:49] [main/DEBUG] [REI]  - ItemComparatorRegistryImpl
[22:09:49] [main/DEBUG] [REI]  - FluidComparatorRegistryImpl
[22:09:49] [main/DEBUG] [REI]  - DisplaySerializerRegistryImpl
[22:09:49] [main/DEBUG] [REI]  - FluidSupportProviderImpl
[22:09:49] [main/DEBUG] [REI] Plugins (3):
[22:09:49] [main/DEBUG] [REI]  - (-100.00) DefaultPluginImpl of DefaultPluginImpl [roughlyenoughitems]
[22:09:49] [main/DEBUG] [REI]  - (0.00) DefaultRuntimePlugin of DefaultRuntimePlugin [roughlyenoughitems]
[22:09:49] [main/DEBUG] [REI]  - (0.00) ReiCompat of ReiCompat [travelersbackpack]
[22:09:49] [main/DEBUG] [REI] ========================================
[22:09:49] [main/TRACE] [REI] [REIPlugin START] Reloading Section: "pre-register/"
[22:09:49] [main/TRACE] [REI] [REIPlugin START] Reloading Section: "pre-register/DefaultPluginImpl of DefaultPluginImpl [roughlyenoughitems]/"
[22:09:49] [main/TRACE] [REI] [REIPlugin START] Reloading Section: "pre-register/DefaultPluginImpl of DefaultPluginImpl [roughlyenoughitems]/" done in 1.527 ms
[22:09:49] [main/TRACE] [REI] [REIPlugin START] Reloading Section: "pre-register/DefaultRuntimePlugin of DefaultRuntimePlugin [roughlyenoughitems]/"
[22:09:49] [main/TRACE] [REI] [REIPlugin START] Reloading Section: "pre-register/DefaultRuntimePlugin of DefaultRuntimePlugin [roughlyenoughitems]/" done in 133.9 μs
[22:09:49] [main/TRACE] [REI] [REIPlugin START] Reloading Section: "pre-register/ReiCompat of ReiCompat [travelersbackpack]/"
[22:09:49] [main/TRACE] [REI] [REIPlugin START] Reloading Section: "pre-register/ReiCompat of ReiCompat [travelersbackpack]/" done in 90.49 μs
[22:09:49] [main/TRACE] [REI] [REIPlugin START] Reloading Section: "pre-register/" done in 11.61 ms
[22:09:49] [main/TRACE] [REI] [REIPlugin START] Reloading Section: "pre-stage/"
[22:09:49] [main/TRACE] [REI] [REIPlugin START] Reloading Section: "pre-stage/EntryTypeRegistryImpl/"
[22:09:49] [main/TRACE] [REI] [REIPlugin START] Reloading Section: "pre-stage/EntryTypeRegistryImpl/" done in 285.9 μs
[22:09:49] [main/TRACE] [REI] [REIPlugin START] Reloading Section: "pre-stage/EntrySettingsAdapterRegistryImpl/"
[22:09:49] [main/TRACE] [REI] [REIPlugin START] Reloading Section: "pre-stage/EntrySettingsAdapterRegistryImpl/" done in 67.38 μs
[22:09:49] [main/TRACE] [REI] [REIPlugin START] Reloading Section: "pre-stage/RecipeManagerContextImpl/"
[22:09:49] [main/TRACE] [REI] [REIPlugin START] Reloading Section: "pre-stage/RecipeManagerContextImpl/" done in 57.25 μs
[22:09:49] [main/TRACE] [REI] [REIPlugin START] Reloading Section: "pre-stage/ItemComparatorRegistryImpl/"
[22:09:49] [main/TRACE] [REI] [REIPlugin START] Reloading Section: "pre-stage/ItemComparatorRegistryImpl/" done in 64.63 μs
[22:09:49] [main/TRACE] [REI] [REIPlugin START] Reloading Section: "pre-stage/FluidComparatorRegistryImpl/"
[22:09:49] [main/TRACE] [REI] [REIPlugin START] Reloading Section: "pre-stage/FluidComparatorRegistryImpl/" done in 63.84 μs
[22:09:49] [main/TRACE] [REI] [REIPlugin START] Reloading Section: "pre-stage/DisplaySerializerRegistryImpl/"
[22:09:49] [main/TRACE] [REI] [REIPlugin START] Reloading Section: "pre-stage/DisplaySerializerRegistryImpl/" done in 70.09 μs
[22:09:49] [main/TRACE] [REI] [REIPlugin START] Reloading Section: "pre-stage/FluidSupportProviderImpl/"
[22:09:49] [main/TRACE] [REI] [REIPlugin START] Reloading Section: "pre-stage/FluidSupportProviderImpl/" done in 70.04 μs
[22:09:49] [main/TRACE] [REI] [REIPlugin START] Reloading Section: "pre-stage/" done in 1.917 ms
[22:09:49] [main/DEBUG] [REI] ========================================
[22:09:49] [main/DEBUG] [REI] REIPlugin finished pre-reload for START in 15.43 ms.
[22:09:49] [main/DEBUG] [REI] ========================================
[22:09:49] [main/DEBUG] [REI] ========================================
[22:09:49] [main/DEBUG] [REI] REIServerPlugin starting pre-reload for START.
[22:09:49] [main/DEBUG] [REI] Reloadables (2):
[22:09:49] [main/DEBUG] [REI]  - MenuInfoRegistryImpl
[22:09:49] [main/DEBUG] [REI]  - SlotAccessorRegistryImpl
[22:09:49] [main/DEBUG] [REI] Plugins (3):
[22:09:49] [main/DEBUG] [REI]  - (-100.00) DefaultPluginImpl of DefaultPluginImpl [roughlyenoughitems]
[22:09:49] [main/DEBUG] [REI]  - (0.00) ReiCompat of ReiCompat [travelersbackpack]
[22:09:49] [main/DEBUG] [REI]  - (0.00) DefaultRuntimePlugin of DefaultRuntimePlugin [roughlyenoughitems]
[22:09:49] [main/DEBUG] [REI] ========================================
[22:09:49] [main/TRACE] [REI] [REIServerPlugin START] Reloading Section: "pre-register/"
[22:09:49] [main/TRACE] [REI] [REIServerPlugin START] Reloading Section: "pre-register/DefaultPluginImpl of DefaultPluginImpl [roughlyenoughitems]/"
[22:09:49] [main/TRACE] [REI] [REIServerPlugin START] Reloading Section: "pre-register/DefaultPluginImpl of DefaultPluginImpl [roughlyenoughitems]/" done in 90.18 μs
[22:09:49] [main/TRACE] [REI] [REIServerPlugin START] Reloading Section: "pre-register/ReiCompat of ReiCompat [travelersbackpack]/"
[22:09:49] [main/TRACE] [REI] [REIServerPlugin START] Reloading Section: "pre-register/ReiCompat of ReiCompat [travelersbackpack]/" done in 79.85 μs
[22:09:49] [main/TRACE] [REI] [REIServerPlugin START] Reloading Section: "pre-register/DefaultRuntimePlugin of DefaultRuntimePlugin [roughlyenoughitems]/"
[22:09:49] [main/TRACE] [REI] [REIServerPlugin START] Reloading Section: "pre-register/DefaultRuntimePlugin of DefaultRuntimePlugin [roughlyenoughitems]/" done in 52.90 μs
[22:09:49] [main/TRACE] [REI] [REIServerPlugin START] Reloading Section: "pre-register/" done in 664.9 μs
[22:09:49] [main/TRACE] [REI] [REIServerPlugin START] Reloading Section: "pre-stage/"
[22:09:49] [main/TRACE] [REI] [REIServerPlugin START] Reloading Section: "pre-stage/MenuInfoRegistryImpl/"
[22:09:49] [main/TRACE] [REI] [REIServerPlugin START] Reloading Section: "pre-stage/MenuInfoRegistryImpl/" done in 53.78 μs
[22:09:49] [main/TRACE] [REI] [REIServerPlugin START] Reloading Section: "pre-stage/SlotAccessorRegistryImpl/"
[22:09:49] [main/TRACE] [REI] [REIServerPlugin START] Reloading Section: "pre-stage/SlotAccessorRegistryImpl/" done in 53.94 μs
[22:09:49] [main/TRACE] [REI] [REIServerPlugin START] Reloading Section: "pre-stage/" done in 354.6 μs
[22:09:49] [main/DEBUG] [REI] ========================================
[22:09:49] [main/DEBUG] [REI] REIServerPlugin finished pre-reload for START in 1.219 ms.
[22:09:49] [main/DEBUG] [REI] ========================================
[22:09:49] [main/INFO] [REI] ########################################
[22:09:49] [main/INFO] [REI] REIPlugin starting main-reload for START.
[22:09:49] [main/DEBUG] [REI] Reloadables (7):
[22:09:49] [main/DEBUG] [REI]  - EntryTypeRegistryImpl
[22:09:49] [main/DEBUG] [REI]  - EntrySettingsAdapterRegistryImpl
[22:09:49] [main/DEBUG] [REI]  - RecipeManagerContextImpl
[22:09:49] [main/DEBUG] [REI]  - ItemComparatorRegistryImpl
[22:09:49] [main/DEBUG] [REI]  - FluidComparatorRegistryImpl
[22:09:49] [main/DEBUG] [REI]  - DisplaySerializerRegistryImpl
[22:09:49] [main/DEBUG] [REI]  - FluidSupportProviderImpl
[22:09:49] [main/INFO] [REI] Plugins (3):
[22:09:49] [main/INFO] [REI]  - (-100.00) DefaultPluginImpl of DefaultPluginImpl [roughlyenoughitems]
[22:09:49] [main/INFO] [REI]  - (0.00) DefaultRuntimePlugin of DefaultRuntimePlugin [roughlyenoughitems]
[22:09:49] [main/INFO] [REI]  - (0.00) ReiCompat of ReiCompat [travelersbackpack]
[22:09:49] [main/INFO] [REI] ########################################
[22:09:49] [main/TRACE] [REI] [REIPlugin START] Reloading Section: "start-reload/"
[22:09:49] [main/TRACE] [REI] [REIPlugin START] Reloading Section: "start-reload/EntryTypeRegistryImpl/"
[22:09:49] [main/TRACE] [REI] [REIPlugin START] Reloading Section: "start-reload/EntryTypeRegistryImpl/" done in 129.4 μs
[22:09:49] [main/TRACE] [REI] [REIPlugin START] Reloading Section: "start-reload/EntrySettingsAdapterRegistryImpl/"
[22:09:49] [main/TRACE] [REI] [REIPlugin START] Reloading Section: "start-reload/EntrySettingsAdapterRegistryImpl/" done in 64.92 μs
[22:09:49] [main/TRACE] [REI] [REIPlugin START] Reloading Section: "start-reload/RecipeManagerContextImpl/"
[22:09:49] [main/TRACE] [REI] [REIPlugin START] Reloading Section: "start-reload/RecipeManagerContextImpl/" done in 736.4 μs
[22:09:49] [main/TRACE] [REI] [REIPlugin START] Reloading Section: "start-reload/ItemComparatorRegistryImpl/"
[22:09:49] [main/TRACE] [REI] [REIPlugin START] Reloading Section: "start-reload/ItemComparatorRegistryImpl/" done in 343.3 μs
[22:09:49] [main/TRACE] [REI] [REIPlugin START] Reloading Section: "start-reload/FluidComparatorRegistryImpl/"
[22:09:49] [main/TRACE] [REI] [REIPlugin START] Reloading Section: "start-reload/FluidComparatorRegistryImpl/" done in 67.10 μs
[22:09:49] [main/TRACE] [REI] [REIPlugin START] Reloading Section: "start-reload/DisplaySerializerRegistryImpl/"
[22:09:49] [main/TRACE] [REI] [REIPlugin START] Reloading Section: "start-reload/DisplaySerializerRegistryImpl/" done in 54.68 μs
[22:09:49] [main/TRACE] [REI] [REIPlugin START] Reloading Section: "start-reload/FluidSupportProviderImpl/"
[22:09:49] [main/TRACE] [REI] [REIPlugin START] Reloading Section: "start-reload/FluidSupportProviderImpl/" done in 67.70 μs
[22:09:49] [main/TRACE] [REI] [REIPlugin START] Reloading Section: "start-reload/" done in 3.861 ms
[22:09:49] [main/DEBUG] [REI] ========================================
[22:09:49] [main/DEBUG] [REI] REIPlugin started main-reload for START.
[22:09:49] [main/DEBUG] [REI] ========================================
[22:09:49] [main/TRACE] [REI] [REIPlugin START] Reloading Section: "reloadable-plugin/EntryTypeRegistryImpl/"
[22:09:49] [main/TRACE] [REI] [REIPlugin START] Reloading Section: "reloadable-plugin/EntryTypeRegistryImpl/DefaultPluginImpl of DefaultPluginImpl [roughlyenoughitems]/"
[22:09:49] [main/TRACE] [REI] [REIPlugin START] Reloading Section: "reloadable-plugin/EntryTypeRegistryImpl/DefaultPluginImpl of DefaultPluginImpl [roughlyenoughitems]/" done in 250.5 μs
[22:09:49] [main/TRACE] [REI] [REIPlugin START] Reloading Section: "reloadable-plugin/EntryTypeRegistryImpl/DefaultRuntimePlugin of DefaultRuntimePlugin [roughlyenoughitems]/"
[22:09:49] [main/TRACE] [REI] [REIPlugin START] Reloading Section: "reloadable-plugin/EntryTypeRegistryImpl/DefaultRuntimePlugin of DefaultRuntimePlugin [roughlyenoughitems]/" done in 8.094 ms
[22:09:49] [main/TRACE] [REI] [REIPlugin START] Reloading Section: "reloadable-plugin/EntryTypeRegistryImpl/ReiCompat of ReiCompat [travelersbackpack]/"
[22:09:49] [main/TRACE] [REI] [REIPlugin START] Reloading Section: "reloadable-plugin/EntryTypeRegistryImpl/ReiCompat of ReiCompat [travelersbackpack]/" done in 265.3 μs
[22:09:49] [main/TRACE] [REI] [REIPlugin START] Reloading Section: "reloadable-plugin/EntryTypeRegistryImpl/" done in 9.610 ms
[22:09:49] [main/TRACE] [REI] [REIPlugin START] Reloading Section: "reloadable-plugin/EntrySettingsAdapterRegistryImpl/"
[22:09:49] [main/TRACE] [REI] [REIPlugin START] Reloading Section: "reloadable-plugin/EntrySettingsAdapterRegistryImpl/DefaultPluginImpl of DefaultPluginImpl [roughlyenoughitems]/"
[22:09:49] [main/TRACE] [REI] [REIPlugin START] Reloading Section: "reloadable-plugin/EntrySettingsAdapterRegistryImpl/DefaultPluginImpl of DefaultPluginImpl [roughlyenoughitems]/" done in 63.82 μs
[22:09:49] [main/TRACE] [REI] [REIPlugin START] Reloading Section: "reloadable-plugin/EntrySettingsAdapterRegistryImpl/DefaultRuntimePlugin of DefaultRuntimePlugin [roughlyenoughitems]/"
[22:09:49] [main/TRACE] [REI] [REIPlugin START] Reloading Section: "reloadable-plugin/EntrySettingsAdapterRegistryImpl/DefaultRuntimePlugin of DefaultRuntimePlugin [roughlyenoughitems]/" done in 70.36 μs
[22:09:49] [main/TRACE] [REI] [REIPlugin START] Reloading Section: "reloadable-plugin/EntrySettingsAdapterRegistryImpl/ReiCompat of ReiCompat [travelersbackpack]/"
[22:09:49] [main/TRACE] [REI] [REIPlugin START] Reloading Section: "reloadable-plugin/EntrySettingsAdapterRegistryImpl/ReiCompat of ReiCompat [travelersbackpack]/" done in 61.34 μs
[22:09:49] [main/TRACE] [REI] [REIPlugin START] Reloading Section: "reloadable-plugin/EntrySettingsAdapterRegistryImpl/" done in 683.1 μs
[22:09:49] [main/TRACE] [REI] [REIPlugin START] Reloading Section: "reloadable-plugin/RecipeManagerContextImpl/"
[22:09:49] [main/TRACE] [REI] [REIPlugin START] Reloading Section: "reloadable-plugin/RecipeManagerContextImpl/DefaultPluginImpl of DefaultPluginImpl [roughlyenoughitems]/"
[22:09:49] [main/TRACE] [REI] [REIPlugin START] Reloading Section: "reloadable-plugin/RecipeManagerContextImpl/DefaultPluginImpl of DefaultPluginImpl [roughlyenoughitems]/" done in 62.77 μs
[22:09:49] [main/TRACE] [REI] [REIPlugin START] Reloading Section: "reloadable-plugin/RecipeManagerContextImpl/DefaultRuntimePlugin of DefaultRuntimePlugin [roughlyenoughitems]/"
[22:09:49] [main/TRACE] [REI] [REIPlugin START] Reloading Section: "reloadable-plugin/RecipeManagerContextImpl/DefaultRuntimePlugin of DefaultRuntimePlugin [roughlyenoughitems]/" done in 60.24 μs
[22:09:49] [main/TRACE] [REI] [REIPlugin START] Reloading Section: "reloadable-plugin/RecipeManagerContextImpl/ReiCompat of ReiCompat [travelersbackpack]/"
[22:09:49] [main/TRACE] [REI] [REIPlugin START] Reloading Section: "reloadable-plugin/RecipeManagerContextImpl/ReiCompat of ReiCompat [travelersbackpack]/" done in 478.3 μs
[22:09:49] [main/TRACE] [REI] [REIPlugin START] Reloading Section: "reloadable-plugin/RecipeManagerContextImpl/" done in 1.362 ms
[22:09:49] [main/TRACE] [REI] [REIPlugin START] Reloading Section: "reloadable-plugin/ItemComparatorRegistryImpl/"
[22:09:49] [main/TRACE] [REI] [REIPlugin START] Reloading Section: "reloadable-plugin/ItemComparatorRegistryImpl/DefaultPluginImpl of DefaultPluginImpl [roughlyenoughitems]/"
[22:09:49] [main/TRACE] [REI] [REIPlugin START] Reloading Section: "reloadable-plugin/ItemComparatorRegistryImpl/DefaultPluginImpl of DefaultPluginImpl [roughlyenoughitems]/" done in 921.8 μs
[22:09:49] [main/TRACE] [REI] [REIPlugin START] Reloading Section: "reloadable-plugin/ItemComparatorRegistryImpl/DefaultRuntimePlugin of DefaultRuntimePlugin [roughlyenoughitems]/"
[22:09:49] [main/TRACE] [REI] [REIPlugin START] Reloading Section: "reloadable-plugin/ItemComparatorRegistryImpl/DefaultRuntimePlugin of DefaultRuntimePlugin [roughlyenoughitems]/" done in 83.54 μs
[22:09:49] [main/TRACE] [REI] [REIPlugin START] Reloading Section: "reloadable-plugin/ItemComparatorRegistryImpl/ReiCompat of ReiCompat [travelersbackpack]/"
[22:09:49] [main/TRACE] [REI] [REIPlugin START] Reloading Section: "reloadable-plugin/ItemComparatorRegistryImpl/ReiCompat of ReiCompat [travelersbackpack]/" done in 64.45 μs
[22:09:49] [main/TRACE] [REI] [REIPlugin START] Reloading Section: "reloadable-plugin/ItemComparatorRegistryImpl/" done in 1.770 ms
[22:09:49] [main/TRACE] [REI] [REIPlugin START] Reloading Section: "reloadable-plugin/FluidComparatorRegistryImpl/"
[22:09:49] [main/TRACE] [REI] [REIPlugin START] Reloading Section: "reloadable-plugin/FluidComparatorRegistryImpl/DefaultPluginImpl of DefaultPluginImpl [roughlyenoughitems]/"
[22:09:49] [main/TRACE] [REI] [REIPlugin START] Reloading Section: "reloadable-plugin/FluidComparatorRegistryImpl/DefaultPluginImpl of DefaultPluginImpl [roughlyenoughitems]/" done in 201.3 μs
[22:09:49] [main/TRACE] [REI] [REIPlugin START] Reloading Section: "reloadable-plugin/FluidComparatorRegistryImpl/DefaultRuntimePlugin of DefaultRuntimePlugin [roughlyenoughitems]/"
[22:09:49] [main/TRACE] [REI] [REIPlugin START] Reloading Section: "reloadable-plugin/FluidComparatorRegistryImpl/DefaultRuntimePlugin of DefaultRuntimePlugin [roughlyenoughitems]/" done in 56.26 μs
[22:09:49] [main/TRACE] [REI] [REIPlugin START] Reloading Section: "reloadable-plugin/FluidComparatorRegistryImpl/ReiCompat of ReiCompat [travelersbackpack]/"
[22:09:49] [main/TRACE] [REI] [REIPlugin START] Reloading Section: "reloadable-plugin/FluidComparatorRegistryImpl/ReiCompat of ReiCompat [travelersbackpack]/" done in 456.4 μs
[22:09:49] [main/TRACE] [REI] [REIPlugin START] Reloading Section: "reloadable-plugin/FluidComparatorRegistryImpl/" done in 1.126 ms
[22:09:49] [main/TRACE] [REI] [REIPlugin START] Reloading Section: "reloadable-plugin/DisplaySerializerRegistryImpl/"
[22:09:49] [main/TRACE] [REI] [REIPlugin START] Reloading Section: "reloadable-plugin/DisplaySerializerRegistryImpl/DefaultPluginImpl of DefaultPluginImpl [roughlyenoughitems]/"
[22:09:49] [main/TRACE] [REI] [REIPlugin START] Reloading Section: "reloadable-plugin/DisplaySerializerRegistryImpl/DefaultPluginImpl of DefaultPluginImpl [roughlyenoughitems]/" done in 152.2 μs
[22:09:49] [main/TRACE] [REI] [REIPlugin START] Reloading Section: "reloadable-plugin/DisplaySerializerRegistryImpl/DefaultRuntimePlugin of DefaultRuntimePlugin [roughlyenoughitems]/"
[22:09:49] [main/TRACE] [REI] [REIPlugin START] Reloading Section: "reloadable-plugin/DisplaySerializerRegistryImpl/DefaultRuntimePlugin of DefaultRuntimePlugin [roughlyenoughitems]/" done in 78.89 μs
[22:09:49] [main/TRACE] [REI] [REIPlugin START] Reloading Section: "reloadable-plugin/DisplaySerializerRegistryImpl/ReiCompat of ReiCompat [travelersbackpack]/"
[22:09:49] [main/TRACE] [REI] [REIPlugin START] Reloading Section: "reloadable-plugin/DisplaySerializerRegistryImpl/ReiCompat of ReiCompat [travelersbackpack]/" done in 63.80 μs
[22:09:49] [main/TRACE] [REI] [REIPlugin START] Reloading Section: "reloadable-plugin/DisplaySerializerRegistryImpl/" done in 735.0 μs
[22:09:49] [main/TRACE] [REI] [REIPlugin START] Reloading Section: "reloadable-plugin/FluidSupportProviderImpl/"
[22:09:49] [main/TRACE] [REI] [REIPlugin START] Reloading Section: "reloadable-plugin/FluidSupportProviderImpl/DefaultPluginImpl of DefaultPluginImpl [roughlyenoughitems]/"
[22:09:49] [main/TRACE] [REI] [REIPlugin START] Reloading Section: "reloadable-plugin/FluidSupportProviderImpl/DefaultPluginImpl of DefaultPluginImpl [roughlyenoughitems]/" done in 776.5 μs
[22:09:49] [main/TRACE] [REI] [REIPlugin START] Reloading Section: "reloadable-plugin/FluidSupportProviderImpl/DefaultRuntimePlugin of DefaultRuntimePlugin [roughlyenoughitems]/"
[22:09:49] [main/TRACE] [REI] [REIPlugin START] Reloading Section: "reloadable-plugin/FluidSupportProviderImpl/DefaultRuntimePlugin of DefaultRuntimePlugin [roughlyenoughitems]/" done in 93.28 μs
[22:09:49] [main/TRACE] [REI] [REIPlugin START] Reloading Section: "reloadable-plugin/FluidSupportProviderImpl/ReiCompat of ReiCompat [travelersbackpack]/"
[22:09:49] [main/TRACE] [REI] [REIPlugin START] Reloading Section: "reloadable-plugin/FluidSupportProviderImpl/ReiCompat of ReiCompat [travelersbackpack]/" done in 116.6 μs
[22:09:49] [main/TRACE] [REI] [REIPlugin START] Reloading Section: "reloadable-plugin/FluidSupportProviderImpl/" done in 1.677 ms
[22:09:49] [main/DEBUG] [REI] ========================================
[22:09:49] [main/DEBUG] [REI] REIPlugin ending main-reload for START.
[22:09:49] [main/DEBUG] [REI] ========================================
[22:09:49] [main/TRACE] [REI] [REIPlugin START] Reloading Section: "end-reload/"
[22:09:49] [main/TRACE] [REI] [REIPlugin START] Reloading Section: "end-reload/EntryTypeRegistryImpl/"
[22:09:49] [main/TRACE] [REI] [REIPlugin START] Reloading Section: "end-reload/EntryTypeRegistryImpl/" done in 77.60 μs
[22:09:49] [main/TRACE] [REI] [REIPlugin START] Reloading Section: "end-reload/EntrySettingsAdapterRegistryImpl/"
[22:09:49] [main/TRACE] [REI] [REIPlugin START] Reloading Section: "end-reload/EntrySettingsAdapterRegistryImpl/" done in 80.71 μs
[22:09:49] [main/TRACE] [REI] [REIPlugin START] Reloading Section: "end-reload/RecipeManagerContextImpl/"
[22:09:49] [main/TRACE] [REI] [REIPlugin START] Reloading Section: "end-reload/RecipeManagerContextImpl/" done in 55.65 μs
[22:09:49] [main/TRACE] [REI] [REIPlugin START] Reloading Section: "end-reload/ItemComparatorRegistryImpl/"
[22:09:49] [main/TRACE] [REI] [REIPlugin START] Reloading Section: "end-reload/ItemComparatorRegistryImpl/" done in 52.19 μs
[22:09:49] [main/TRACE] [REI] [REIPlugin START] Reloading Section: "end-reload/FluidComparatorRegistryImpl/"
[22:09:49] [main/TRACE] [REI] [REIPlugin START] Reloading Section: "end-reload/FluidComparatorRegistryImpl/" done in 52.64 μs
[22:09:49] [main/TRACE] [REI] [REIPlugin START] Reloading Section: "end-reload/DisplaySerializerRegistryImpl/"
[22:09:49] [main/TRACE] [REI] [REIPlugin START] Reloading Section: "end-reload/DisplaySerializerRegistryImpl/" done in 87.31 μs
[22:09:49] [main/TRACE] [REI] [REIPlugin START] Reloading Section: "end-reload/FluidSupportProviderImpl/"
[22:09:49] [main/TRACE] [REI] [REIPlugin START] Reloading Section: "end-reload/FluidSupportProviderImpl/" done in 55.60 μs
[22:09:49] [main/TRACE] [REI] [REIPlugin START] Reloading Section: "end-reload/" done in 1.237 ms
[22:09:49] [main/DEBUG] [REI] ========================================
[22:09:49] [main/DEBUG] [REI] REIPlugin ended main-reload for START in 30.62 ms.
[22:09:49] [main/DEBUG] [REI] ========================================
[22:09:49] [main/INFO] [REI] ++++++++++++++++++++++++++++++++++++++++
[22:09:49] [main/INFO] [REI] REIServerPlugin starting main-reload for START.
[22:09:49] [main/DEBUG] [REI] Reloadables (2):
[22:09:49] [main/DEBUG] [REI]  - MenuInfoRegistryImpl
[22:09:49] [main/DEBUG] [REI]  - SlotAccessorRegistryImpl
[22:09:49] [main/INFO] [REI] Plugins (3):
[22:09:49] [main/INFO] [REI]  - (-100.00) DefaultPluginImpl of DefaultPluginImpl [roughlyenoughitems]
[22:09:49] [main/INFO] [REI]  - (0.00) ReiCompat of ReiCompat [travelersbackpack]
[22:09:49] [main/INFO] [REI]  - (0.00) DefaultRuntimePlugin of DefaultRuntimePlugin [roughlyenoughitems]
[22:09:49] [main/INFO] [REI] ++++++++++++++++++++++++++++++++++++++++
[22:09:49] [main/TRACE] [REI] [REIServerPlugin START] Reloading Section: "start-reload/"
[22:09:49] [main/TRACE] [REI] [REIServerPlugin START] Reloading Section: "start-reload/MenuInfoRegistryImpl/"
[22:09:49] [main/TRACE] [REI] [REIServerPlugin START] Reloading Section: "start-reload/MenuInfoRegistryImpl/" done in 65.78 μs
[22:09:49] [main/TRACE] [REI] [REIServerPlugin START] Reloading Section: "start-reload/SlotAccessorRegistryImpl/"
[22:09:49] [main/TRACE] [REI] [REIServerPlugin START] Reloading Section: "start-reload/SlotAccessorRegistryImpl/" done in 55.61 μs
[22:09:49] [main/TRACE] [REI] [REIServerPlugin START] Reloading Section: "start-reload/" done in 417.9 μs
[22:09:49] [main/DEBUG] [REI] ========================================
[22:09:49] [main/DEBUG] [REI] REIServerPlugin started main-reload for START.
[22:09:49] [main/DEBUG] [REI] ========================================
[22:09:49] [main/TRACE] [REI] [REIServerPlugin START] Reloading Section: "reloadable-plugin/MenuInfoRegistryImpl/"
[22:09:49] [main/TRACE] [REI] [REIServerPlugin START] Reloading Section: "reloadable-plugin/MenuInfoRegistryImpl/DefaultPluginImpl of DefaultPluginImpl [roughlyenoughitems]/"
[22:09:49] [main/TRACE] [REI] [REIServerPlugin START] Reloading Section: "reloadable-plugin/MenuInfoRegistryImpl/DefaultPluginImpl of DefaultPluginImpl [roughlyenoughitems]/" done in 92.41 μs
[22:09:49] [main/TRACE] [REI] [REIServerPlugin START] Reloading Section: "reloadable-plugin/MenuInfoRegistryImpl/ReiCompat of ReiCompat [travelersbackpack]/"
[22:09:49] [main/TRACE] [REI] [REIServerPlugin START] Reloading Section: "reloadable-plugin/MenuInfoRegistryImpl/ReiCompat of ReiCompat [travelersbackpack]/" done in 81.18 μs
[22:09:49] [main/TRACE] [REI] [REIServerPlugin START] Reloading Section: "reloadable-plugin/MenuInfoRegistryImpl/DefaultRuntimePlugin of DefaultRuntimePlugin [roughlyenoughitems]/"
[22:09:49] [main/TRACE] [REI] [REIServerPlugin START] Reloading Section: "reloadable-plugin/MenuInfoRegistryImpl/DefaultRuntimePlugin of DefaultRuntimePlugin [roughlyenoughitems]/" done in 70.59 μs
[22:09:49] [main/TRACE] [REI] [REIServerPlugin START] Reloading Section: "reloadable-plugin/MenuInfoRegistryImpl/" done in 756.6 μs
[22:09:49] [main/TRACE] [REI] [REIServerPlugin START] Reloading Section: "reloadable-plugin/SlotAccessorRegistryImpl/"
[22:09:49] [main/TRACE] [REI] [REIServerPlugin START] Reloading Section: "reloadable-plugin/SlotAccessorRegistryImpl/DefaultPluginImpl of DefaultPluginImpl [roughlyenoughitems]/"
[22:09:49] [main/TRACE] [REI] [REIServerPlugin START] Reloading Section: "reloadable-plugin/SlotAccessorRegistryImpl/DefaultPluginImpl of DefaultPluginImpl [roughlyenoughitems]/" done in 73.44 μs
[22:09:49] [main/TRACE] [REI] [REIServerPlugin START] Reloading Section: "reloadable-plugin/SlotAccessorRegistryImpl/ReiCompat of ReiCompat [travelersbackpack]/"
[22:09:49] [main/TRACE] [REI] [REIServerPlugin START] Reloading Section: "reloadable-plugin/SlotAccessorRegistryImpl/ReiCompat of ReiCompat [travelersbackpack]/" done in 87.97 μs
[22:09:49] [main/TRACE] [REI] [REIServerPlugin START] Reloading Section: "reloadable-plugin/SlotAccessorRegistryImpl/DefaultRuntimePlugin of DefaultRuntimePlugin [roughlyenoughitems]/"
[22:09:49] [main/TRACE] [REI] [REIServerPlugin START] Reloading Section: "reloadable-plugin/SlotAccessorRegistryImpl/DefaultRuntimePlugin of DefaultRuntimePlugin [roughlyenoughitems]/" done in 79.80 μs
[22:09:49] [main/TRACE] [REI] [REIServerPlugin START] Reloading Section: "reloadable-plugin/SlotAccessorRegistryImpl/" done in 723.9 μs
[22:09:49] [main/DEBUG] [REI] ========================================
[22:09:49] [main/DEBUG] [REI] REIServerPlugin ending main-reload for START.
[22:09:49] [main/DEBUG] [REI] ========================================
[22:09:49] [main/TRACE] [REI] [REIServerPlugin START] Reloading Section: "end-reload/"
[22:09:49] [main/TRACE] [REI] [REIServerPlugin START] Reloading Section: "end-reload/MenuInfoRegistryImpl/"
[22:09:49] [main/TRACE] [REI] [REIServerPlugin START] Reloading Section: "end-reload/MenuInfoRegistryImpl/" done in 67.88 μs
[22:09:49] [main/TRACE] [REI] [REIServerPlugin START] Reloading Section: "end-reload/SlotAccessorRegistryImpl/"
[22:09:49] [main/TRACE] [REI] [REIServerPlugin START] Reloading Section: "end-reload/SlotAccessorRegistryImpl/" done in 417.7 μs
[22:09:49] [main/TRACE] [REI] [REIServerPlugin START] Reloading Section: "end-reload/" done in 1.329 ms
[22:09:49] [main/DEBUG] [REI] ========================================
[22:09:49] [main/DEBUG] [REI] REIServerPlugin ended main-reload for START in 6.614 ms.
[22:09:49] [main/DEBUG] [REI] ========================================
[22:09:49] [main/DEBUG] [REI] ========================================
[22:09:49] [main/DEBUG] [REI] REIPlugin starting post-reload for START.
[22:09:49] [main/DEBUG] [REI] Reloadables (7):
[22:09:49] [main/DEBUG] [REI]  - EntryTypeRegistryImpl
[22:09:49] [main/DEBUG] [REI]  - EntrySettingsAdapterRegistryImpl
[22:09:49] [main/DEBUG] [REI]  - RecipeManagerContextImpl
[22:09:49] [main/DEBUG] [REI]  - ItemComparatorRegistryImpl
[22:09:49] [main/DEBUG] [REI]  - FluidComparatorRegistryImpl
[22:09:49] [main/DEBUG] [REI]  - DisplaySerializerRegistryImpl
[22:09:49] [main/DEBUG] [REI]  - FluidSupportProviderImpl
[22:09:49] [main/DEBUG] [REI] Plugins (3):
[22:09:49] [main/DEBUG] [REI]  - (-100.00) DefaultPluginImpl of DefaultPluginImpl [roughlyenoughitems]
[22:09:49] [main/DEBUG] [REI]  - (0.00) DefaultRuntimePlugin of DefaultRuntimePlugin [roughlyenoughitems]
[22:09:49] [main/DEBUG] [REI]  - (0.00) ReiCompat of ReiCompat [travelersbackpack]
[22:09:49] [main/DEBUG] [REI] ========================================
[22:09:49] [main/TRACE] [REI] [REIPlugin START] Reloading Section: "post-register/"
[22:09:49] [main/TRACE] [REI] [REIPlugin START] Reloading Section: "post-register/DefaultPluginImpl of DefaultPluginImpl [roughlyenoughitems]/"
[22:09:49] [main/TRACE] [REI] [REIPlugin START] Reloading Section: "post-register/DefaultPluginImpl of DefaultPluginImpl [roughlyenoughitems]/" done in 219.7 μs
[22:09:49] [main/TRACE] [REI] [REIPlugin START] Reloading Section: "post-register/DefaultRuntimePlugin of DefaultRuntimePlugin [roughlyenoughitems]/"
[22:09:49] [main/TRACE] [REI] [REIPlugin START] Reloading Section: "post-register/DefaultRuntimePlugin of DefaultRuntimePlugin [roughlyenoughitems]/" done in 88.90 μs
[22:09:49] [main/TRACE] [REI] [REIPlugin START] Reloading Section: "post-register/ReiCompat of ReiCompat [travelersbackpack]/"
[22:09:49] [main/TRACE] [REI] [REIPlugin START] Reloading Section: "post-register/ReiCompat of ReiCompat [travelersbackpack]/" done in 59.27 μs
[22:09:49] [main/TRACE] [REI] [REIPlugin START] Reloading Section: "post-register/" done in 1.049 ms
[22:09:49] [main/TRACE] [REI] [REIPlugin START] Reloading Section: "post-stage/"
[22:09:49] [main/TRACE] [REI] [REIPlugin START] Reloading Section: "post-stage/EntryTypeRegistryImpl/"
[22:09:49] [main/TRACE] [REI] [REIPlugin START] Reloading Section: "post-stage/EntryTypeRegistryImpl/" done in 70.69 μs
[22:09:49] [main/TRACE] [REI] [REIPlugin START] Reloading Section: "post-stage/EntrySettingsAdapterRegistryImpl/"
[22:09:49] [main/TRACE] [REI] [REIPlugin START] Reloading Section: "post-stage/EntrySettingsAdapterRegistryImpl/" done in 54.54 μs
[22:09:49] [main/TRACE] [REI] [REIPlugin START] Reloading Section: "post-stage/RecipeManagerContextImpl/"
[22:09:49] [main/TRACE] [REI] [REIPlugin START] Reloading Section: "post-stage/RecipeManagerContextImpl/" done in 52.40 μs
[22:09:49] [main/TRACE] [REI] [REIPlugin START] Reloading Section: "post-stage/ItemComparatorRegistryImpl/"
[22:09:49] [main/TRACE] [REI] [REIPlugin START] Reloading Section: "post-stage/ItemComparatorRegistryImpl/" done in 51.05 μs
[22:09:49] [main/TRACE] [REI] [REIPlugin START] Reloading Section: "post-stage/FluidComparatorRegistryImpl/"
[22:09:49] [main/TRACE] [REI] [REIPlugin START] Reloading Section: "post-stage/FluidComparatorRegistryImpl/" done in 50.56 μs
[22:09:49] [main/TRACE] [REI] [REIPlugin START] Reloading Section: "post-stage/DisplaySerializerRegistryImpl/"
[22:09:49] [main/TRACE] [REI] [REIPlugin START] Reloading Section: "post-stage/DisplaySerializerRegistryImpl/" done in 55.37 μs
[22:09:49] [main/TRACE] [REI] [REIPlugin START] Reloading Section: "post-stage/FluidSupportProviderImpl/"
[22:09:49] [main/TRACE] [REI] [REIPlugin START] Reloading Section: "post-stage/FluidSupportProviderImpl/" done in 53.37 μs
[22:09:49] [main/TRACE] [REI] [REIPlugin START] Reloading Section: "post-stage/" done in 1.092 ms
[22:09:49] [main/DEBUG] [REI] ========================================
[22:09:49] [main/INFO] [REI] REIPlugin finished post-reload for START in 2.439 ms, totaling 48.38 ms.
[22:09:49] [main/DEBUG] [REI] ========================================
[22:09:49] [main/DEBUG] [REI] ========================================
[22:09:49] [main/DEBUG] [REI] REIServerPlugin starting post-reload for START.
[22:09:49] [main/DEBUG] [REI] Reloadables (2):
[22:09:49] [main/DEBUG] [REI]  - MenuInfoRegistryImpl
[22:09:49] [main/DEBUG] [REI]  - SlotAccessorRegistryImpl
[22:09:49] [main/DEBUG] [REI] Plugins (3):
[22:09:49] [main/DEBUG] [REI]  - (-100.00) DefaultPluginImpl of DefaultPluginImpl [roughlyenoughitems]
[22:09:49] [main/DEBUG] [REI]  - (0.00) ReiCompat of ReiCompat [travelersbackpack]
[22:09:49] [main/DEBUG] [REI]  - (0.00) DefaultRuntimePlugin of DefaultRuntimePlugin [roughlyenoughitems]
[22:09:49] [main/DEBUG] [REI] ========================================
[22:09:49] [main/TRACE] [REI] [REIServerPlugin START] Reloading Section: "post-register/"
[22:09:49] [main/TRACE] [REI] [REIServerPlugin START] Reloading Section: "post-register/DefaultPluginImpl of DefaultPluginImpl [roughlyenoughitems]/"
[22:09:49] [main/TRACE] [REI] [REIServerPlugin START] Reloading Section: "post-register/DefaultPluginImpl of DefaultPluginImpl [roughlyenoughitems]/" done in 75.57 μs
[22:09:49] [main/TRACE] [REI] [REIServerPlugin START] Reloading Section: "post-register/ReiCompat of ReiCompat [travelersbackpack]/"
[22:09:49] [main/TRACE] [REI] [REIServerPlugin START] Reloading Section: "post-register/ReiCompat of ReiCompat [travelersbackpack]/" done in 64.14 μs
[22:09:49] [main/TRACE] [REI] [REIServerPlugin START] Reloading Section: "post-register/DefaultRuntimePlugin of DefaultRuntimePlugin [roughlyenoughitems]/"
[22:09:49] [main/TRACE] [REI] [REIServerPlugin START] Reloading Section: "post-register/DefaultRuntimePlugin of DefaultRuntimePlugin [roughlyenoughitems]/" done in 55.06 μs
[22:09:49] [main/TRACE] [REI] [REIServerPlugin START] Reloading Section: "post-register/" done in 518.1 μs
[22:09:49] [main/TRACE] [REI] [REIServerPlugin START] Reloading Section: "post-stage/"
[22:09:49] [main/TRACE] [REI] [REIServerPlugin START] Reloading Section: "post-stage/MenuInfoRegistryImpl/"
[22:09:49] [main/TRACE] [REI] [REIServerPlugin START] Reloading Section: "post-stage/MenuInfoRegistryImpl/" done in 81.46 μs
[22:09:49] [main/TRACE] [REI] [REIServerPlugin START] Reloading Section: "post-stage/SlotAccessorRegistryImpl/"
[22:09:49] [main/TRACE] [REI] [REIServerPlugin START] Reloading Section: "post-stage/SlotAccessorRegistryImpl/" done in 54.00 μs
[22:09:49] [main/TRACE] [REI] [REIServerPlugin START] Reloading Section: "post-stage/" done in 358.4 μs
[22:09:49] [main/DEBUG] [REI] ========================================
[22:09:49] [main/INFO] [REI] REIServerPlugin finished post-reload for START in 1.018 ms, totaling 8.366 ms.
[22:09:49] [main/DEBUG] [REI] ========================================
[22:09:49] [main/DEBUG] [REI] ========================================
[22:09:49] [main/DEBUG] [REI] REIPlugin starting pre-reload for END.
[22:09:49] [main/DEBUG] [REI] Reloadables (7):
[22:09:49] [main/DEBUG] [REI]  - EntryTypeRegistryImpl
[22:09:49] [main/DEBUG] [REI]  - EntrySettingsAdapterRegistryImpl
[22:09:49] [main/DEBUG] [REI]  - RecipeManagerContextImpl
[22:09:49] [main/DEBUG] [REI]  - ItemComparatorRegistryImpl
[22:09:49] [main/DEBUG] [REI]  - FluidComparatorRegistryImpl
[22:09:49] [main/DEBUG] [REI]  - DisplaySerializerRegistryImpl
[22:09:49] [main/DEBUG] [REI]  - FluidSupportProviderImpl
[22:09:49] [main/DEBUG] [REI] Plugins (3):
[22:09:49] [main/DEBUG] [REI]  - (-100.00) DefaultPluginImpl of DefaultPluginImpl [roughlyenoughitems]
[22:09:49] [main/DEBUG] [REI]  - (0.00) DefaultRuntimePlugin of DefaultRuntimePlugin [roughlyenoughitems]
[22:09:49] [main/DEBUG] [REI]  - (0.00) ReiCompat of ReiCompat [travelersbackpack]
[22:09:49] [main/DEBUG] [REI] ========================================
[22:09:49] [main/TRACE] [REI] [REIPlugin END] Reloading Section: "pre-register/"
[22:09:49] [main/TRACE] [REI] [REIPlugin END] Reloading Section: "pre-register/DefaultPluginImpl of DefaultPluginImpl [roughlyenoughitems]/"
[22:09:49] [main/TRACE] [REI] [REIPlugin END] Reloading Section: "pre-register/DefaultPluginImpl of DefaultPluginImpl [roughlyenoughitems]/" done in 53.43 μs
[22:09:49] [main/TRACE] [REI] [REIPlugin END] Reloading Section: "pre-register/DefaultRuntimePlugin of DefaultRuntimePlugin [roughlyenoughitems]/"
[22:09:49] [main/TRACE] [REI] [REIPlugin END] Reloading Section: "pre-register/DefaultRuntimePlugin of DefaultRuntimePlugin [roughlyenoughitems]/" done in 85.67 μs
[22:09:49] [main/TRACE] [REI] [REIPlugin END] Reloading Section: "pre-register/ReiCompat of ReiCompat [travelersbackpack]/"
[22:09:49] [main/TRACE] [REI] [REIPlugin END] Reloading Section: "pre-register/ReiCompat of ReiCompat [travelersbackpack]/" done in 57.31 μs
[22:09:49] [main/TRACE] [REI] [REIPlugin END] Reloading Section: "pre-register/" done in 534.3 μs
[22:09:49] [main/TRACE] [REI] [REIPlugin END] Reloading Section: "pre-stage/"
[22:09:49] [main/TRACE] [REI] [REIPlugin END] Reloading Section: "pre-stage/EntryTypeRegistryImpl/"
[22:09:49] [main/TRACE] [REI] [REIPlugin END] Reloading Section: "pre-stage/EntryTypeRegistryImpl/" done in 41.91 μs
[22:09:49] [main/TRACE] [REI] [REIPlugin END] Reloading Section: "pre-stage/EntrySettingsAdapterRegistryImpl/"
[22:09:49] [main/TRACE] [REI] [REIPlugin END] Reloading Section: "pre-stage/EntrySettingsAdapterRegistryImpl/" done in 42.62 μs
[22:09:49] [main/TRACE] [REI] [REIPlugin END] Reloading Section: "pre-stage/RecipeManagerContextImpl/"
[22:09:49] [main/TRACE] [REI] [REIPlugin END] Reloading Section: "pre-stage/RecipeManagerContextImpl/" done in 42.47 μs
[22:09:49] [main/TRACE] [REI] [REIPlugin END] Reloading Section: "pre-stage/ItemComparatorRegistryImpl/"
[22:09:49] [main/TRACE] [REI] [REIPlugin END] Reloading Section: "pre-stage/ItemComparatorRegistryImpl/" done in 42.12 μs
[22:09:49] [main/TRACE] [REI] [REIPlugin END] Reloading Section: "pre-stage/FluidComparatorRegistryImpl/"
[22:09:49] [main/TRACE] [REI] [REIPlugin END] Reloading Section: "pre-stage/FluidComparatorRegistryImpl/" done in 41.66 μs
[22:09:49] [main/TRACE] [REI] [REIPlugin END] Reloading Section: "pre-stage/DisplaySerializerRegistryImpl/"
[22:09:49] [main/TRACE] [REI] [REIPlugin END] Reloading Section: "pre-stage/DisplaySerializerRegistryImpl/" done in 87.13 μs
[22:09:49] [main/TRACE] [REI] [REIPlugin END] Reloading Section: "pre-stage/FluidSupportProviderImpl/"
[22:09:49] [main/TRACE] [REI] [REIPlugin END] Reloading Section: "pre-stage/FluidSupportProviderImpl/" done in 41.57 μs
[22:09:49] [main/TRACE] [REI] [REIPlugin END] Reloading Section: "pre-stage/" done in 852.3 μs
[22:09:49] [main/DEBUG] [REI] ========================================
[22:09:49] [main/DEBUG] [REI] REIPlugin finished pre-reload for END in 1.511 ms.
[22:09:49] [main/DEBUG] [REI] ========================================
[22:09:49] [main/DEBUG] [REI] ========================================
[22:09:49] [main/DEBUG] [REI] REIServerPlugin starting pre-reload for END.
[22:09:49] [main/DEBUG] [REI] Reloadables (2):
[22:09:49] [main/DEBUG] [REI]  - MenuInfoRegistryImpl
[22:09:49] [main/DEBUG] [REI]  - SlotAccessorRegistryImpl
[22:09:49] [main/DEBUG] [REI] Plugins (3):
[22:09:49] [main/DEBUG] [REI]  - (-100.00) DefaultPluginImpl of DefaultPluginImpl [roughlyenoughitems]
[22:09:49] [main/DEBUG] [REI]  - (0.00) ReiCompat of ReiCompat [travelersbackpack]
[22:09:49] [main/DEBUG] [REI]  - (0.00) DefaultRuntimePlugin of DefaultRuntimePlugin [roughlyenoughitems]
[22:09:49] [main/DEBUG] [REI] ========================================
[22:09:49] [main/TRACE] [REI] [REIServerPlugin END] Reloading Section: "pre-register/"
[22:09:49] [main/TRACE] [REI] [REIServerPlugin END] Reloading Section: "pre-register/DefaultPluginImpl of DefaultPluginImpl [roughlyenoughitems]/"
[22:09:49] [main/TRACE] [REI] [REIServerPlugin END] Reloading Section: "pre-register/DefaultPluginImpl of DefaultPluginImpl [roughlyenoughitems]/" done in 75.33 μs
[22:09:49] [main/TRACE] [REI] [REIServerPlugin END] Reloading Section: "pre-register/ReiCompat of ReiCompat [travelersbackpack]/"
[22:09:49] [main/TRACE] [REI] [REIServerPlugin END] Reloading Section: "pre-register/ReiCompat of ReiCompat [travelersbackpack]/" done in 60.32 μs
[22:09:49] [main/TRACE] [REI] [REIServerPlugin END] Reloading Section: "pre-register/DefaultRuntimePlugin of DefaultRuntimePlugin [roughlyenoughitems]/"
[22:09:49] [main/TRACE] [REI] [REIServerPlugin END] Reloading Section: "pre-register/DefaultRuntimePlugin of DefaultRuntimePlugin [roughlyenoughitems]/" done in 51.56 μs
[22:09:49] [main/TRACE] [REI] [REIServerPlugin END] Reloading Section: "pre-register/" done in 513.7 μs
[22:09:49] [main/TRACE] [REI] [REIServerPlugin END] Reloading Section: "pre-stage/"
[22:09:49] [main/TRACE] [REI] [REIServerPlugin END] Reloading Section: "pre-stage/MenuInfoRegistryImpl/"
[22:09:49] [main/TRACE] [REI] [REIServerPlugin END] Reloading Section: "pre-stage/MenuInfoRegistryImpl/" done in 57.05 μs
[22:09:49] [main/TRACE] [REI] [REIServerPlugin END] Reloading Section: "pre-stage/SlotAccessorRegistryImpl/"
[22:09:49] [main/TRACE] [REI] [REIServerPlugin END] Reloading Section: "pre-stage/SlotAccessorRegistryImpl/" done in 45.94 μs
[22:09:49] [main/TRACE] [REI] [REIServerPlugin END] Reloading Section: "pre-stage/" done in 372.7 μs
[22:09:49] [main/DEBUG] [REI] ========================================
[22:09:49] [main/DEBUG] [REI] REIServerPlugin finished pre-reload for END in 1.043 ms.
[22:09:49] [main/DEBUG] [REI] ========================================
[22:09:49] [main/INFO] [REI] ----------------------------------------
[22:09:49] [main/INFO] [REI] REIPlugin starting main-reload for END.
[22:09:49] [main/DEBUG] [REI] Reloadables (7):
[22:09:49] [main/DEBUG] [REI]  - EntryTypeRegistryImpl
[22:09:49] [main/DEBUG] [REI]  - EntrySettingsAdapterRegistryImpl
[22:09:49] [main/DEBUG] [REI]  - RecipeManagerContextImpl
[22:09:49] [main/DEBUG] [REI]  - ItemComparatorRegistryImpl
[22:09:49] [main/DEBUG] [REI]  - FluidComparatorRegistryImpl
[22:09:49] [main/DEBUG] [REI]  - DisplaySerializerRegistryImpl
[22:09:49] [main/DEBUG] [REI]  - FluidSupportProviderImpl
[22:09:49] [main/INFO] [REI] Plugins (3):
[22:09:49] [main/INFO] [REI]  - (-100.00) DefaultPluginImpl of DefaultPluginImpl [roughlyenoughitems]
[22:09:49] [main/INFO] [REI]  - (0.00) DefaultRuntimePlugin of DefaultRuntimePlugin [roughlyenoughitems]
[22:09:49] [main/INFO] [REI]  - (0.00) ReiCompat of ReiCompat [travelersbackpack]
[22:09:49] [main/INFO] [REI] ----------------------------------------
[22:09:49] [main/TRACE] [REI] [REIPlugin END] Reloading Section: "start-reload/"
[22:09:49] [main/TRACE] [REI] [REIPlugin END] Reloading Section: "start-reload/EntryTypeRegistryImpl/"
[22:09:49] [main/TRACE] [REI] [REIPlugin END] Reloading Section: "start-reload/EntryTypeRegistryImpl/" done in 50.51 μs
[22:09:49] [main/TRACE] [REI] [REIPlugin END] Reloading Section: "start-reload/EntrySettingsAdapterRegistryImpl/"
[22:09:49] [main/TRACE] [REI] [REIPlugin END] Reloading Section: "start-reload/EntrySettingsAdapterRegistryImpl/" done in 55.99 μs
[22:09:49] [main/TRACE] [REI] [REIPlugin END] Reloading Section: "start-reload/RecipeManagerContextImpl/"
[22:09:49] [main/TRACE] [REI] [REIPlugin END] Reloading Section: "start-reload/RecipeManagerContextImpl/" done in 46.42 μs
[22:09:49] [main/TRACE] [REI] [REIPlugin END] Reloading Section: "start-reload/ItemComparatorRegistryImpl/"
[22:09:49] [main/TRACE] [REI] [REIPlugin END] Reloading Section: "start-reload/ItemComparatorRegistryImpl/" done in 43.66 μs
[22:09:49] [main/TRACE] [REI] [REIPlugin END] Reloading Section: "start-reload/FluidComparatorRegistryImpl/"
[22:09:49] [main/TRACE] [REI] [REIPlugin END] Reloading Section: "start-reload/FluidComparatorRegistryImpl/" done in 44.25 μs
[22:09:49] [main/TRACE] [REI] [REIPlugin END] Reloading Section: "start-reload/DisplaySerializerRegistryImpl/"
[22:09:49] [main/TRACE] [REI] [REIPlugin END] Reloading Section: "start-reload/DisplaySerializerRegistryImpl/" done in 51.85 μs
[22:09:49] [main/TRACE] [REI] [REIPlugin END] Reloading Section: "start-reload/FluidSupportProviderImpl/"
[22:09:49] [main/TRACE] [REI] [REIPlugin END] Reloading Section: "start-reload/FluidSupportProviderImpl/" done in 46.88 μs
[22:09:49] [main/TRACE] [REI] [REIPlugin END] Reloading Section: "start-reload/" done in 927.9 μs
[22:09:49] [main/DEBUG] [REI] ========================================
[22:09:49] [main/DEBUG] [REI] REIPlugin started main-reload for END.
[22:09:49] [main/DEBUG] [REI] ========================================
[22:09:49] [main/TRACE] [REI] [REIPlugin END] Reloading Section: "reloadable-plugin/EntryTypeRegistryImpl/"
[22:09:49] [main/TRACE] [REI] [REIPlugin END] Reloading Section: "reloadable-plugin/EntryTypeRegistryImpl/DefaultPluginImpl of DefaultPluginImpl [roughlyenoughitems]/"
[22:09:49] [main/TRACE] [REI] [REIPlugin END] Reloading Section: "reloadable-plugin/EntryTypeRegistryImpl/DefaultPluginImpl of DefaultPluginImpl [roughlyenoughitems]/" done in 60.41 μs
[22:09:49] [main/TRACE] [REI] [REIPlugin END] Reloading Section: "reloadable-plugin/EntryTypeRegistryImpl/DefaultRuntimePlugin of DefaultRuntimePlugin [roughlyenoughitems]/"
[22:09:49] [main/TRACE] [REI] [REIPlugin END] Reloading Section: "reloadable-plugin/EntryTypeRegistryImpl/DefaultRuntimePlugin of DefaultRuntimePlugin [roughlyenoughitems]/" done in 53.65 μs
[22:09:49] [main/TRACE] [REI] [REIPlugin END] Reloading Section: "reloadable-plugin/EntryTypeRegistryImpl/ReiCompat of ReiCompat [travelersbackpack]/"
[22:09:49] [main/TRACE] [REI] [REIPlugin END] Reloading Section: "reloadable-plugin/EntryTypeRegistryImpl/ReiCompat of ReiCompat [travelersbackpack]/" done in 47.57 μs
[22:09:49] [main/TRACE] [REI] [REIPlugin END] Reloading Section: "reloadable-plugin/EntryTypeRegistryImpl/" done in 481.1 μs
[22:09:49] [main/TRACE] [REI] [REIPlugin END] Reloading Section: "reloadable-plugin/EntrySettingsAdapterRegistryImpl/"
[22:09:49] [main/TRACE] [REI] [REIPlugin END] Reloading Section: "reloadable-plugin/EntrySettingsAdapterRegistryImpl/DefaultPluginImpl of DefaultPluginImpl [roughlyenoughitems]/"
[22:09:49] [main/TRACE] [REI] [REIPlugin END] Reloading Section: "reloadable-plugin/EntrySettingsAdapterRegistryImpl/DefaultPluginImpl of DefaultPluginImpl [roughlyenoughitems]/" done in 81.84 μs
[22:09:49] [main/TRACE] [REI] [REIPlugin END] Reloading Section: "reloadable-plugin/EntrySettingsAdapterRegistryImpl/DefaultRuntimePlugin of DefaultRuntimePlugin [roughlyenoughitems]/"
[22:09:49] [main/TRACE] [REI] [REIPlugin END] Reloading Section: "reloadable-plugin/EntrySettingsAdapterRegistryImpl/DefaultRuntimePlugin of DefaultRuntimePlugin [roughlyenoughitems]/" done in 66.19 μs
[22:09:49] [main/TRACE] [REI] [REIPlugin END] Reloading Section: "reloadable-plugin/EntrySettingsAdapterRegistryImpl/ReiCompat of ReiCompat [travelersbackpack]/"
[22:09:49] [main/TRACE] [REI] [REIPlugin END] Reloading Section: "reloadable-plugin/EntrySettingsAdapterRegistryImpl/ReiCompat of ReiCompat [travelersbackpack]/" done in 111.5 μs
[22:09:49] [main/TRACE] [REI] [REIPlugin END] Reloading Section: "reloadable-plugin/EntrySettingsAdapterRegistryImpl/" done in 842.9 μs
[22:09:49] [main/TRACE] [REI] [REIPlugin END] Reloading Section: "reloadable-plugin/RecipeManagerContextImpl/"
[22:09:49] [main/TRACE] [REI] [REIPlugin END] Reloading Section: "reloadable-plugin/RecipeManagerContextImpl/DefaultPluginImpl of DefaultPluginImpl [roughlyenoughitems]/"
[22:09:49] [main/TRACE] [REI] [REIPlugin END] Reloading Section: "reloadable-plugin/RecipeManagerContextImpl/DefaultPluginImpl of DefaultPluginImpl [roughlyenoughitems]/" done in 106.6 μs
[22:09:49] [main/TRACE] [REI] [REIPlugin END] Reloading Section: "reloadable-plugin/RecipeManagerContextImpl/DefaultRuntimePlugin of DefaultRuntimePlugin [roughlyenoughitems]/"
[22:09:49] [main/TRACE] [REI] [REIPlugin END] Reloading Section: "reloadable-plugin/RecipeManagerContextImpl/DefaultRuntimePlugin of DefaultRuntimePlugin [roughlyenoughitems]/" done in 55.53 μs
[22:09:49] [main/TRACE] [REI] [REIPlugin END] Reloading Section: "reloadable-plugin/RecipeManagerContextImpl/ReiCompat of ReiCompat [travelersbackpack]/"
[22:09:49] [main/TRACE] [REI] [REIPlugin END] Reloading Section: "reloadable-plugin/RecipeManagerContextImpl/ReiCompat of ReiCompat [travelersbackpack]/" done in 52.92 μs
[22:09:49] [main/TRACE] [REI] [REIPlugin END] Reloading Section: "reloadable-plugin/RecipeManagerContextImpl/" done in 561.6 μs
[22:09:49] [main/TRACE] [REI] [REIPlugin END] Reloading Section: "reloadable-plugin/ItemComparatorRegistryImpl/"
[22:09:49] [main/TRACE] [REI] [REIPlugin END] Reloading Section: "reloadable-plugin/ItemComparatorRegistryImpl/DefaultPluginImpl of DefaultPluginImpl [roughlyenoughitems]/"
[22:09:49] [main/TRACE] [REI] [REIPlugin END] Reloading Section: "reloadable-plugin/ItemComparatorRegistryImpl/DefaultPluginImpl of DefaultPluginImpl [roughlyenoughitems]/" done in 63.39 μs
[22:09:49] [main/TRACE] [REI] [REIPlugin END] Reloading Section: "reloadable-plugin/ItemComparatorRegistryImpl/DefaultRuntimePlugin of DefaultRuntimePlugin [roughlyenoughitems]/"
[22:09:49] [main/TRACE] [REI] [REIPlugin END] Reloading Section: "reloadable-plugin/ItemComparatorRegistryImpl/DefaultRuntimePlugin of DefaultRuntimePlugin [roughlyenoughitems]/" done in 50.35 μs
[22:09:49] [main/TRACE] [REI] [REIPlugin END] Reloading Section: "reloadable-plugin/ItemComparatorRegistryImpl/ReiCompat of ReiCompat [travelersbackpack]/"
[22:09:49] [main/TRACE] [REI] [REIPlugin END] Reloading Section: "reloadable-plugin/ItemComparatorRegistryImpl/ReiCompat of ReiCompat [travelersbackpack]/" done in 52.48 μs
[22:09:49] [main/TRACE] [REI] [REIPlugin END] Reloading Section: "reloadable-plugin/ItemComparatorRegistryImpl/" done in 461.5 μs
[22:09:49] [main/TRACE] [REI] [REIPlugin END] Reloading Section: "reloadable-plugin/FluidComparatorRegistryImpl/"
[22:09:49] [main/TRACE] [REI] [REIPlugin END] Reloading Section: "reloadable-plugin/FluidComparatorRegistryImpl/DefaultPluginImpl of DefaultPluginImpl [roughlyenoughitems]/"
[22:09:49] [main/TRACE] [REI] [REIPlugin END] Reloading Section: "reloadable-plugin/FluidComparatorRegistryImpl/DefaultPluginImpl of DefaultPluginImpl [roughlyenoughitems]/" done in 50.96 μs
[22:09:49] [main/TRACE] [REI] [REIPlugin END] Reloading Section: "reloadable-plugin/FluidComparatorRegistryImpl/DefaultRuntimePlugin of DefaultRuntimePlugin [roughlyenoughitems]/"
[22:09:49] [main/TRACE] [REI] [REIPlugin END] Reloading Section: "reloadable-plugin/FluidComparatorRegistryImpl/DefaultRuntimePlugin of DefaultRuntimePlugin [roughlyenoughitems]/" done in 99.14 μs
[22:09:49] [main/TRACE] [REI] [REIPlugin END] Reloading Section: "reloadable-plugin/FluidComparatorRegistryImpl/ReiCompat of ReiCompat [travelersbackpack]/"
[22:09:49] [main/TRACE] [REI] [REIPlugin END] Reloading Section: "reloadable-plugin/FluidComparatorRegistryImpl/ReiCompat of ReiCompat [travelersbackpack]/" done in 59.77 μs
[22:09:49] [main/TRACE] [REI] [REIPlugin END] Reloading Section: "reloadable-plugin/FluidComparatorRegistryImpl/" done in 489.2 μs
[22:09:49] [main/TRACE] [REI] [REIPlugin END] Reloading Section: "reloadable-plugin/DisplaySerializerRegistryImpl/"
[22:09:49] [main/TRACE] [REI] [REIPlugin END] Reloading Section: "reloadable-plugin/DisplaySerializerRegistryImpl/DefaultPluginImpl of DefaultPluginImpl [roughlyenoughitems]/"
[22:09:49] [main/TRACE] [REI] [REIPlugin END] Reloading Section: "reloadable-plugin/DisplaySerializerRegistryImpl/DefaultPluginImpl of DefaultPluginImpl [roughlyenoughitems]/" done in 17.82 ms
[22:09:49] [main/TRACE] [REI] [REIPlugin END] Reloading Section: "reloadable-plugin/DisplaySerializerRegistryImpl/DefaultRuntimePlugin of DefaultRuntimePlugin [roughlyenoughitems]/"
[22:09:49] [main/TRACE] [REI] [REIPlugin END] Reloading Section: "reloadable-plugin/DisplaySerializerRegistryImpl/DefaultRuntimePlugin of DefaultRuntimePlugin [roughlyenoughitems]/" done in 99.71 μs
[22:09:49] [main/TRACE] [REI] [REIPlugin END] Reloading Section: "reloadable-plugin/DisplaySerializerRegistryImpl/ReiCompat of ReiCompat [travelersbackpack]/"
[22:09:49] [main/TRACE] [REI] [REIPlugin END] Reloading Section: "reloadable-plugin/DisplaySerializerRegistryImpl/ReiCompat of ReiCompat [travelersbackpack]/" done in 65.17 μs
[22:09:49] [main/TRACE] [REI] [REIPlugin END] Reloading Section: "reloadable-plugin/DisplaySerializerRegistryImpl/" done in 18.53 ms
[22:09:49] [main/TRACE] [REI] [REIPlugin END] Reloading Section: "reloadable-plugin/FluidSupportProviderImpl/"
[22:09:49] [main/TRACE] [REI] [REIPlugin END] Reloading Section: "reloadable-plugin/FluidSupportProviderImpl/DefaultPluginImpl of DefaultPluginImpl [roughlyenoughitems]/"
[22:09:49] [main/TRACE] [REI] [REIPlugin END] Reloading Section: "reloadable-plugin/FluidSupportProviderImpl/DefaultPluginImpl of DefaultPluginImpl [roughlyenoughitems]/" done in 64.24 μs
[22:09:49] [main/TRACE] [REI] [REIPlugin END] Reloading Section: "reloadable-plugin/FluidSupportProviderImpl/DefaultRuntimePlugin of DefaultRuntimePlugin [roughlyenoughitems]/"
[22:09:49] [main/TRACE] [REI] [REIPlugin END] Reloading Section: "reloadable-plugin/FluidSupportProviderImpl/DefaultRuntimePlugin of DefaultRuntimePlugin [roughlyenoughitems]/" done in 44.10 μs
[22:09:49] [main/TRACE] [REI] [REIPlugin END] Reloading Section: "reloadable-plugin/FluidSupportProviderImpl/ReiCompat of ReiCompat [travelersbackpack]/"
[22:09:49] [main/TRACE] [REI] [REIPlugin END] Reloading Section: "reloadable-plugin/FluidSupportProviderImpl/ReiCompat of ReiCompat [travelersbackpack]/" done in 41.91 μs
[22:09:49] [main/TRACE] [REI] [REIPlugin END] Reloading Section: "reloadable-plugin/FluidSupportProviderImpl/" done in 441.1 μs
[22:09:49] [main/DEBUG] [REI] ========================================
[22:09:49] [main/DEBUG] [REI] REIPlugin ending main-reload for END.
[22:09:49] [main/DEBUG] [REI] ========================================
[22:09:49] [main/TRACE] [REI] [REIPlugin END] Reloading Section: "end-reload/"
[22:09:49] [main/TRACE] [REI] [REIPlugin END] Reloading Section: "end-reload/EntryTypeRegistryImpl/"
[22:09:49] [main/TRACE] [REI] [REIPlugin END] Reloading Section: "end-reload/EntryTypeRegistryImpl/" done in 41.03 μs
[22:09:49] [main/TRACE] [REI] [REIPlugin END] Reloading Section: "end-reload/EntrySettingsAdapterRegistryImpl/"
[22:09:49] [main/TRACE] [REI] [REIPlugin END] Reloading Section: "end-reload/EntrySettingsAdapterRegistryImpl/" done in 50.51 μs
[22:09:49] [main/TRACE] [REI] [REIPlugin END] Reloading Section: "end-reload/RecipeManagerContextImpl/"
[22:09:49] [main/TRACE] [REI] [REIPlugin END] Reloading Section: "end-reload/RecipeManagerContextImpl/" done in 41.63 μs
[22:09:49] [main/TRACE] [REI] [REIPlugin END] Reloading Section: "end-reload/ItemComparatorRegistryImpl/"
[22:09:49] [main/TRACE] [REI] [REIPlugin END] Reloading Section: "end-reload/ItemComparatorRegistryImpl/" done in 38.51 μs
[22:09:49] [main/TRACE] [REI] [REIPlugin END] Reloading Section: "end-reload/FluidComparatorRegistryImpl/"
[22:09:49] [main/TRACE] [REI] [REIPlugin END] Reloading Section: "end-reload/FluidComparatorRegistryImpl/" done in 37.50 μs
[22:09:49] [main/TRACE] [REI] [REIPlugin END] Reloading Section: "end-reload/DisplaySerializerRegistryImpl/"
[22:09:49] [main/TRACE] [REI] [REIPlugin END] Reloading Section: "end-reload/DisplaySerializerRegistryImpl/" done in 37.71 μs
[22:09:49] [main/TRACE] [REI] [REIPlugin END] Reloading Section: "end-reload/FluidSupportProviderImpl/"
[22:09:49] [main/TRACE] [REI] [REIPlugin END] Reloading Section: "end-reload/FluidSupportProviderImpl/" done in 38.37 μs
[22:09:49] [main/TRACE] [REI] [REIPlugin END] Reloading Section: "end-reload/" done in 770.3 μs
[22:09:49] [main/DEBUG] [REI] ========================================
[22:09:49] [main/DEBUG] [REI] REIPlugin ended main-reload for END in 27.31 ms.
[22:09:49] [main/DEBUG] [REI] ========================================
[22:09:49] [main/INFO] [REI] @@@@@@@@@@@@@@@@@@@@@@@@@@@@@@@@@@@@@@@@
[22:09:49] [main/INFO] [REI] REIServerPlugin starting main-reload for END.
[22:09:49] [main/DEBUG] [REI] Reloadables (2):
[22:09:49] [main/DEBUG] [REI]  - MenuInfoRegistryImpl
[22:09:49] [main/DEBUG] [REI]  - SlotAccessorRegistryImpl
[22:09:49] [main/INFO] [REI] Plugins (3):
[22:09:49] [main/INFO] [REI]  - (-100.00) DefaultPluginImpl of DefaultPluginImpl [roughlyenoughitems]
[22:09:49] [main/INFO] [REI]  - (0.00) ReiCompat of ReiCompat [travelersbackpack]
[22:09:49] [main/INFO] [REI]  - (0.00) DefaultRuntimePlugin of DefaultRuntimePlugin [roughlyenoughitems]
[22:09:49] [main/INFO] [REI] @@@@@@@@@@@@@@@@@@@@@@@@@@@@@@@@@@@@@@@@
[22:09:49] [main/TRACE] [REI] [REIServerPlugin END] Reloading Section: "start-reload/"
[22:09:49] [main/TRACE] [REI] [REIServerPlugin END] Reloading Section: "start-reload/MenuInfoRegistryImpl/"
[22:09:49] [main/TRACE] [REI] [REIServerPlugin END] Reloading Section: "start-reload/MenuInfoRegistryImpl/" done in 66.98 μs
[22:09:49] [main/TRACE] [REI] [REIServerPlugin END] Reloading Section: "start-reload/SlotAccessorRegistryImpl/"
[22:09:49] [main/TRACE] [REI] [REIServerPlugin END] Reloading Section: "start-reload/SlotAccessorRegistryImpl/" done in 55.42 μs
[22:09:49] [main/TRACE] [REI] [REIServerPlugin END] Reloading Section: "start-reload/" done in 385.2 μs
[22:09:49] [main/DEBUG] [REI] ========================================
[22:09:49] [main/DEBUG] [REI] REIServerPlugin started main-reload for END.
[22:09:49] [main/DEBUG] [REI] ========================================
[22:09:49] [main/TRACE] [REI] [REIServerPlugin END] Reloading Section: "reloadable-plugin/MenuInfoRegistryImpl/"
[22:09:49] [main/TRACE] [REI] [REIServerPlugin END] Reloading Section: "reloadable-plugin/MenuInfoRegistryImpl/DefaultPluginImpl of DefaultPluginImpl [roughlyenoughitems]/"
[22:09:49] [main/TRACE] [REI] [REIServerPlugin END] Reloading Section: "reloadable-plugin/MenuInfoRegistryImpl/DefaultPluginImpl of DefaultPluginImpl [roughlyenoughitems]/" done in 56.12 μs
[22:09:49] [main/TRACE] [REI] [REIServerPlugin END] Reloading Section: "reloadable-plugin/MenuInfoRegistryImpl/ReiCompat of ReiCompat [travelersbackpack]/"
[22:09:49] [main/DEBUG] [REI] Added menu info for class com.tiviacz.travelersbackpack.inventory.menu.TravelersBackpackBaseMenu [minecraft:plugins/crafting]: me.shedaniel.rei.api.common.transfer.info.simple.SimpleMenuInfoProvider$$Lambda/0x000071e7f8177410@6b97dc5
[22:09:49] [main/TRACE] [REI] [REIServerPlugin END] Reloading Section: "reloadable-plugin/MenuInfoRegistryImpl/ReiCompat of ReiCompat [travelersbackpack]/" done in 3.928 ms
[22:09:49] [main/TRACE] [REI] [REIServerPlugin END] Reloading Section: "reloadable-plugin/MenuInfoRegistryImpl/DefaultRuntimePlugin of DefaultRuntimePlugin [roughlyenoughitems]/"
[22:09:49] [main/TRACE] [REI] [REIServerPlugin END] Reloading Section: "reloadable-plugin/MenuInfoRegistryImpl/DefaultRuntimePlugin of DefaultRuntimePlugin [roughlyenoughitems]/" done in 90.74 μs
[22:09:49] [main/TRACE] [REI] [REIServerPlugin END] Reloading Section: "reloadable-plugin/MenuInfoRegistryImpl/" done in 4.526 ms
[22:09:49] [main/TRACE] [REI] [REIServerPlugin END] Reloading Section: "reloadable-plugin/SlotAccessorRegistryImpl/"
[22:09:49] [main/TRACE] [REI] [REIServerPlugin END] Reloading Section: "reloadable-plugin/SlotAccessorRegistryImpl/DefaultPluginImpl of DefaultPluginImpl [roughlyenoughitems]/"
[22:09:49] [main/TRACE] [REI] [REIServerPlugin END] Reloading Section: "reloadable-plugin/SlotAccessorRegistryImpl/DefaultPluginImpl of DefaultPluginImpl [roughlyenoughitems]/" done in 55.11 μs
[22:09:49] [main/TRACE] [REI] [REIServerPlugin END] Reloading Section: "reloadable-plugin/SlotAccessorRegistryImpl/ReiCompat of ReiCompat [travelersbackpack]/"
[22:09:49] [main/TRACE] [REI] [REIServerPlugin END] Reloading Section: "reloadable-plugin/SlotAccessorRegistryImpl/ReiCompat of ReiCompat [travelersbackpack]/" done in 45.26 μs
[22:09:49] [main/TRACE] [REI] [REIServerPlugin END] Reloading Section: "reloadable-plugin/SlotAccessorRegistryImpl/DefaultRuntimePlugin of DefaultRuntimePlugin [roughlyenoughitems]/"
[22:09:49] [main/DEBUG] [REI] Added slot accessor serializer: me.shedaniel.rei.plugin.common.runtime.DefaultRuntimePlugin$1@5a1cbf43 [roughlyenoughitems:vanilla]
[22:09:49] [main/DEBUG] [REI] Added slot accessor serializer: me.shedaniel.rei.plugin.common.runtime.DefaultRuntimePlugin$2@14947a1c [roughlyenoughitems:player]
[22:09:49] [main/TRACE] [REI] [REIServerPlugin END] Reloading Section: "reloadable-plugin/SlotAccessorRegistryImpl/DefaultRuntimePlugin of DefaultRuntimePlugin [roughlyenoughitems]/" done in 1.577 ms
[22:09:49] [main/TRACE] [REI] [REIServerPlugin END] Reloading Section: "reloadable-plugin/SlotAccessorRegistryImpl/" done in 1.993 ms
[22:09:49] [main/DEBUG] [REI] ========================================
[22:09:49] [main/DEBUG] [REI] REIServerPlugin ending main-reload for END.
[22:09:49] [main/DEBUG] [REI] ========================================
[22:09:49] [main/TRACE] [REI] [REIServerPlugin END] Reloading Section: "end-reload/"
[22:09:49] [main/TRACE] [REI] [REIServerPlugin END] Reloading Section: "end-reload/MenuInfoRegistryImpl/"
[22:09:49] [main/DEBUG] [REI] Registered 1 menu infos
[22:09:49] [main/TRACE] [REI] [REIServerPlugin END] Reloading Section: "end-reload/MenuInfoRegistryImpl/" done in 151.5 μs
[22:09:49] [main/TRACE] [REI] [REIServerPlugin END] Reloading Section: "end-reload/SlotAccessorRegistryImpl/"
[22:09:49] [main/DEBUG] [REI] Registered 2 slot accessor serializers
[22:09:49] [main/TRACE] [REI] [REIServerPlugin END] Reloading Section: "end-reload/SlotAccessorRegistryImpl/" done in 367.5 μs
[22:09:49] [main/TRACE] [REI] [REIServerPlugin END] Reloading Section: "end-reload/" done in 1.077 ms
[22:09:49] [main/DEBUG] [REI] ========================================
[22:09:49] [main/DEBUG] [REI] REIServerPlugin ended main-reload for END in 10.97 ms.
[22:09:49] [main/DEBUG] [REI] ========================================
[22:09:49] [main/DEBUG] [REI] ========================================
[22:09:49] [main/DEBUG] [REI] REIPlugin starting post-reload for END.
[22:09:49] [main/DEBUG] [REI] Reloadables (7):
[22:09:49] [main/DEBUG] [REI]  - EntryTypeRegistryImpl
[22:09:49] [main/DEBUG] [REI]  - EntrySettingsAdapterRegistryImpl
[22:09:49] [main/DEBUG] [REI]  - RecipeManagerContextImpl
[22:09:49] [main/DEBUG] [REI]  - ItemComparatorRegistryImpl
[22:09:49] [main/DEBUG] [REI]  - FluidComparatorRegistryImpl
[22:09:49] [main/DEBUG] [REI]  - DisplaySerializerRegistryImpl
[22:09:49] [main/DEBUG] [REI]  - FluidSupportProviderImpl
[22:09:49] [main/DEBUG] [REI] Plugins (3):
[22:09:49] [main/DEBUG] [REI]  - (-100.00) DefaultPluginImpl of DefaultPluginImpl [roughlyenoughitems]
[22:09:49] [main/DEBUG] [REI]  - (0.00) DefaultRuntimePlugin of DefaultRuntimePlugin [roughlyenoughitems]
[22:09:49] [main/DEBUG] [REI]  - (0.00) ReiCompat of ReiCompat [travelersbackpack]
[22:09:49] [main/DEBUG] [REI] ========================================
[22:09:49] [main/TRACE] [REI] [REIPlugin END] Reloading Section: "post-register/"
[22:09:49] [main/TRACE] [REI] [REIPlugin END] Reloading Section: "post-register/DefaultPluginImpl of DefaultPluginImpl [roughlyenoughitems]/"
[22:09:49] [main/TRACE] [REI] [REIPlugin END] Reloading Section: "post-register/DefaultPluginImpl of DefaultPluginImpl [roughlyenoughitems]/" done in 63.00 μs
[22:09:49] [main/TRACE] [REI] [REIPlugin END] Reloading Section: "post-register/DefaultRuntimePlugin of DefaultRuntimePlugin [roughlyenoughitems]/"
[22:09:49] [main/TRACE] [REI] [REIPlugin END] Reloading Section: "post-register/DefaultRuntimePlugin of DefaultRuntimePlugin [roughlyenoughitems]/" done in 48.49 μs
[22:09:49] [main/TRACE] [REI] [REIPlugin END] Reloading Section: "post-register/ReiCompat of ReiCompat [travelersbackpack]/"
[22:09:49] [main/TRACE] [REI] [REIPlugin END] Reloading Section: "post-register/ReiCompat of ReiCompat [travelersbackpack]/" done in 39.25 μs
[22:09:49] [main/TRACE] [REI] [REIPlugin END] Reloading Section: "post-register/" done in 502.1 μs
[22:09:49] [main/TRACE] [REI] [REIPlugin END] Reloading Section: "post-stage/"
[22:09:49] [main/TRACE] [REI] [REIPlugin END] Reloading Section: "post-stage/EntryTypeRegistryImpl/"
[22:09:49] [main/TRACE] [REI] [REIPlugin END] Reloading Section: "post-stage/EntryTypeRegistryImpl/" done in 37.18 μs
[22:09:49] [main/TRACE] [REI] [REIPlugin END] Reloading Section: "post-stage/EntrySettingsAdapterRegistryImpl/"
[22:09:49] [main/TRACE] [REI] [REIPlugin END] Reloading Section: "post-stage/EntrySettingsAdapterRegistryImpl/" done in 48.53 μs
[22:09:49] [main/TRACE] [REI] [REIPlugin END] Reloading Section: "post-stage/RecipeManagerContextImpl/"
[22:09:49] [main/TRACE] [REI] [REIPlugin END] Reloading Section: "post-stage/RecipeManagerContextImpl/" done in 41.13 μs
[22:09:49] [main/TRACE] [REI] [REIPlugin END] Reloading Section: "post-stage/ItemComparatorRegistryImpl/"
[22:09:49] [main/TRACE] [REI] [REIPlugin END] Reloading Section: "post-stage/ItemComparatorRegistryImpl/" done in 56.24 μs
[22:09:49] [main/TRACE] [REI] [REIPlugin END] Reloading Section: "post-stage/FluidComparatorRegistryImpl/"
[22:09:49] [main/TRACE] [REI] [REIPlugin END] Reloading Section: "post-stage/FluidComparatorRegistryImpl/" done in 42.65 μs
[22:09:49] [main/TRACE] [REI] [REIPlugin END] Reloading Section: "post-stage/DisplaySerializerRegistryImpl/"
[22:09:49] [main/TRACE] [REI] [REIPlugin END] Reloading Section: "post-stage/DisplaySerializerRegistryImpl/" done in 37.63 μs
[22:09:49] [main/TRACE] [REI] [REIPlugin END] Reloading Section: "post-stage/FluidSupportProviderImpl/"
[22:09:49] [main/TRACE] [REI] [REIPlugin END] Reloading Section: "post-stage/FluidSupportProviderImpl/" done in 73.76 μs
[22:09:49] [main/TRACE] [REI] [REIPlugin END] Reloading Section: "post-stage/" done in 799.8 μs
[22:09:49] [main/DEBUG] [REI] ========================================
[22:09:49] [main/INFO] [REI] REIPlugin finished post-reload for END in 1.430 ms, totaling 30.17 ms.
[22:09:49] [main/DEBUG] [REI] ========================================
[22:09:49] [main/DEBUG] [REI] ========================================
[22:09:49] [main/DEBUG] [REI] REIServerPlugin starting post-reload for END.
[22:09:49] [main/DEBUG] [REI] Reloadables (2):
[22:09:49] [main/DEBUG] [REI]  - MenuInfoRegistryImpl
[22:09:49] [main/DEBUG] [REI]  - SlotAccessorRegistryImpl
[22:09:49] [main/DEBUG] [REI] Plugins (3):
[22:09:49] [main/DEBUG] [REI]  - (-100.00) DefaultPluginImpl of DefaultPluginImpl [roughlyenoughitems]
[22:09:49] [main/DEBUG] [REI]  - (0.00) ReiCompat of ReiCompat [travelersbackpack]
[22:09:49] [main/DEBUG] [REI]  - (0.00) DefaultRuntimePlugin of DefaultRuntimePlugin [roughlyenoughitems]
[22:09:49] [main/DEBUG] [REI] ========================================
[22:09:49] [main/TRACE] [REI] [REIServerPlugin END] Reloading Section: "post-register/"
[22:09:49] [main/TRACE] [REI] [REIServerPlugin END] Reloading Section: "post-register/DefaultPluginImpl of DefaultPluginImpl [roughlyenoughitems]/"
[22:09:49] [main/TRACE] [REI] [REIServerPlugin END] Reloading Section: "post-register/DefaultPluginImpl of DefaultPluginImpl [roughlyenoughitems]/" done in 53.33 μs
[22:09:49] [main/TRACE] [REI] [REIServerPlugin END] Reloading Section: "post-register/ReiCompat of ReiCompat [travelersbackpack]/"
[22:09:49] [main/TRACE] [REI] [REIServerPlugin END] Reloading Section: "post-register/ReiCompat of ReiCompat [travelersbackpack]/" done in 41.70 μs
[22:09:49] [main/TRACE] [REI] [REIServerPlugin END] Reloading Section: "post-register/DefaultRuntimePlugin of DefaultRuntimePlugin [roughlyenoughitems]/"
[22:09:49] [main/TRACE] [REI] [REIServerPlugin END] Reloading Section: "post-register/DefaultRuntimePlugin of DefaultRuntimePlugin [roughlyenoughitems]/" done in 40.63 μs
[22:09:49] [main/TRACE] [REI] [REIServerPlugin END] Reloading Section: "post-register/" done in 418.0 μs
[22:09:49] [main/TRACE] [REI] [REIServerPlugin END] Reloading Section: "post-stage/"
[22:09:49] [main/TRACE] [REI] [REIServerPlugin END] Reloading Section: "post-stage/MenuInfoRegistryImpl/"
[22:09:49] [main/TRACE] [REI] [REIServerPlugin END] Reloading Section: "post-stage/MenuInfoRegistryImpl/" done in 38.48 μs
[22:09:49] [main/TRACE] [REI] [REIServerPlugin END] Reloading Section: "post-stage/SlotAccessorRegistryImpl/"
[22:09:49] [main/TRACE] [REI] [REIServerPlugin END] Reloading Section: "post-stage/SlotAccessorRegistryImpl/" done in 37.04 μs
[22:09:49] [main/TRACE] [REI] [REIServerPlugin END] Reloading Section: "post-stage/" done in 254.5 μs
[22:09:49] [main/DEBUG] [REI] ========================================
[22:09:49] [main/INFO] [REI] REIServerPlugin finished post-reload for END in 786.1 μs, totaling 12.71 ms.
[22:09:49] [main/DEBUG] [REI] ========================================
